<?xml version="1.0" encoding="UTF-8"?>
<robot generator="Robot 3.2.1 (Python 3.6.4 on win32)" generated="20200715 23:24:13.291" rpa="false">
<suite id="s1" name="Python Web" source="M:\eclipse\Workspace\python_web">
<suite id="s1-s1" name="测试用例层" source="M:\eclipse\Workspace\python_web\测试用例层">
<suite id="s1-s1-s1" name="登录用例" source="M:\eclipse\Workspace\python_web\测试用例层\登录用例.robot">
<test id="s1-s1-s1-t1" name="异常用例-用户名为空">
<kw name="Log" library="BuiltIn">
<doc>Logs the given message with the given level.</doc>
<arguments>
<arg>${phone_data[0]}</arg>
</arguments>
<msg timestamp="20200715 23:24:13.751" level="INFO">{'username': '186847205531', 'password': 'python', 'check': '请输入正确的手机号'}</msg>
<status status="PASS" starttime="20200715 23:24:13.749" endtime="20200715 23:24:13.751"></status>
</kw>
<kw name="Log" library="BuiltIn">
<doc>Logs the given message with the given level.</doc>
<arguments>
<arg>${phone_data[0]["check"]}</arg>
</arguments>
<msg timestamp="20200715 23:24:13.752" level="INFO">请输入正确的手机号</msg>
<status status="PASS" starttime="20200715 23:24:13.751" endtime="20200715 23:24:13.752"></status>
</kw>
<kw name="Log" library="BuiltIn">
<doc>Logs the given message with the given level.</doc>
<arguments>
<arg>${phone_data[0].check}</arg>
</arguments>
<msg timestamp="20200715 23:24:13.753" level="FAIL">Resolving variable '${phone_data[0].check}' failed: AttributeError: 'dict' object has no attribute 'check'</msg>
<status status="FAIL" starttime="20200715 23:24:13.753" endtime="20200715 23:24:13.754"></status>
</kw>
<status status="FAIL" starttime="20200715 23:24:13.746" endtime="20200715 23:24:13.754" critical="yes">Resolving variable '${phone_data[0].check}' failed: AttributeError: 'dict' object has no attribute 'check'</status>
</test>
<status status="FAIL" starttime="20200715 23:24:13.420" endtime="20200715 23:24:13.755"></status>
</suite>
<status status="FAIL" starttime="20200715 23:24:13.413" endtime="20200715 23:24:13.762"></status>
</suite>
<status status="FAIL" starttime="20200715 23:24:13.366" endtime="20200715 23:24:13.765"></status>
</suite>
<statistics>
<total>
<stat pass="0" fail="1">Critical Tests</stat>
<stat pass="0" fail="1">All Tests</stat>
</total>
<tag>
</tag>
<suite>
<stat pass="0" fail="1" id="s1" name="Python Web">Python Web</stat>
<stat pass="0" fail="1" id="s1-s1" name="测试用例层">Python Web.测试用例层</stat>
<stat pass="0" fail="1" id="s1-s1-s1" name="登录用例">Python Web.测试用例层.登录用例</stat>
</suite>
</statistics>
<errors>
</errors>
</robot>
